Determining if the Q_WS_X11 exist failed with the following output:
Change Dir: /Volumes/Data/Users/luislobo/git/e-goi-wrappers/e-goi-wrapper-cpp/build/CMakeFiles/CMakeTmp

Run Build Command:/usr/bin/make "cmTryCompileExec136659095/fast"
/usr/bin/make -f CMakeFiles/cmTryCompileExec136659095.dir/build.make CMakeFiles/cmTryCompileExec136659095.dir/build
/opt/local/bin/cmake -E cmake_progress_report /Volumes/Data/Users/luislobo/git/e-goi-wrappers/e-goi-wrapper-cpp/build/CMakeFiles/CMakeTmp/CMakeFiles 1
Building CXX object CMakeFiles/cmTryCompileExec136659095.dir/CheckSymbolExists.cxx.o
/usr/bin/c++    -F/Library/Frameworks    -o CMakeFiles/cmTryCompileExec136659095.dir/CheckSymbolExists.cxx.o -c /Volumes/Data/Users/luislobo/git/e-goi-wrappers/e-goi-wrapper-cpp/build/CMakeFiles/CMakeTmp/CheckSymbolExists.cxx
/Volumes/Data/Users/luislobo/git/e-goi-wrappers/e-goi-wrapper-cpp/build/CMakeFiles/CMakeTmp/CheckSymbolExists.cxx:8:19: error: use of undeclared identifier 'Q_WS_X11'
  return ((int*)(&Q_WS_X11))[argc];
                  ^
1 error generated.
make[2]: *** [CMakeFiles/cmTryCompileExec136659095.dir/CheckSymbolExists.cxx.o] Error 1
make[1]: *** [cmTryCompileExec136659095/fast] Error 2

File /Volumes/Data/Users/luislobo/git/e-goi-wrappers/e-goi-wrapper-cpp/build/CMakeFiles/CMakeTmp/CheckSymbolExists.cxx:
/* */
#include <QtCore/qglobal.h>

int main(int argc, char** argv)
{
  (void)argv;
#ifndef Q_WS_X11
  return ((int*)(&Q_WS_X11))[argc];
#else
  (void)argc;
  return 0;
#endif
}

Determining if the Q_WS_WIN exist failed with the following output:
Change Dir: /Volumes/Data/Users/luislobo/git/e-goi-wrappers/e-goi-wrapper-cpp/build/CMakeFiles/CMakeTmp

Run Build Command:/usr/bin/make "cmTryCompileExec1932387838/fast"
/usr/bin/make -f CMakeFiles/cmTryCompileExec1932387838.dir/build.make CMakeFiles/cmTryCompileExec1932387838.dir/build
/opt/local/bin/cmake -E cmake_progress_report /Volumes/Data/Users/luislobo/git/e-goi-wrappers/e-goi-wrapper-cpp/build/CMakeFiles/CMakeTmp/CMakeFiles 1
Building CXX object CMakeFiles/cmTryCompileExec1932387838.dir/CheckSymbolExists.cxx.o
/usr/bin/c++    -F/Library/Frameworks    -o CMakeFiles/cmTryCompileExec1932387838.dir/CheckSymbolExists.cxx.o -c /Volumes/Data/Users/luislobo/git/e-goi-wrappers/e-goi-wrapper-cpp/build/CMakeFiles/CMakeTmp/CheckSymbolExists.cxx
/Volumes/Data/Users/luislobo/git/e-goi-wrappers/e-goi-wrapper-cpp/build/CMakeFiles/CMakeTmp/CheckSymbolExists.cxx:8:19: error: use of undeclared identifier 'Q_WS_WIN'
  return ((int*)(&Q_WS_WIN))[argc];
                  ^
1 error generated.
make[2]: *** [CMakeFiles/cmTryCompileExec1932387838.dir/CheckSymbolExists.cxx.o] Error 1
make[1]: *** [cmTryCompileExec1932387838/fast] Error 2

File /Volumes/Data/Users/luislobo/git/e-goi-wrappers/e-goi-wrapper-cpp/build/CMakeFiles/CMakeTmp/CheckSymbolExists.cxx:
/* */
#include <QtCore/qglobal.h>

int main(int argc, char** argv)
{
  (void)argv;
#ifndef Q_WS_WIN
  return ((int*)(&Q_WS_WIN))[argc];
#else
  (void)argc;
  return 0;
#endif
}

Determining if the Q_WS_QWS exist failed with the following output:
Change Dir: /Volumes/Data/Users/luislobo/git/e-goi-wrappers/e-goi-wrapper-cpp/build/CMakeFiles/CMakeTmp

Run Build Command:/usr/bin/make "cmTryCompileExec991511516/fast"
/usr/bin/make -f CMakeFiles/cmTryCompileExec991511516.dir/build.make CMakeFiles/cmTryCompileExec991511516.dir/build
/opt/local/bin/cmake -E cmake_progress_report /Volumes/Data/Users/luislobo/git/e-goi-wrappers/e-goi-wrapper-cpp/build/CMakeFiles/CMakeTmp/CMakeFiles 1
Building CXX object CMakeFiles/cmTryCompileExec991511516.dir/CheckSymbolExists.cxx.o
/usr/bin/c++    -F/Library/Frameworks    -o CMakeFiles/cmTryCompileExec991511516.dir/CheckSymbolExists.cxx.o -c /Volumes/Data/Users/luislobo/git/e-goi-wrappers/e-goi-wrapper-cpp/build/CMakeFiles/CMakeTmp/CheckSymbolExists.cxx
/Volumes/Data/Users/luislobo/git/e-goi-wrappers/e-goi-wrapper-cpp/build/CMakeFiles/CMakeTmp/CheckSymbolExists.cxx:8:19: error: use of undeclared identifier 'Q_WS_QWS'
  return ((int*)(&Q_WS_QWS))[argc];
                  ^
1 error generated.
make[2]: *** [CMakeFiles/cmTryCompileExec991511516.dir/CheckSymbolExists.cxx.o] Error 1
make[1]: *** [cmTryCompileExec991511516/fast] Error 2

File /Volumes/Data/Users/luislobo/git/e-goi-wrappers/e-goi-wrapper-cpp/build/CMakeFiles/CMakeTmp/CheckSymbolExists.cxx:
/* */
#include <QtCore/qglobal.h>

int main(int argc, char** argv)
{
  (void)argv;
#ifndef Q_WS_QWS
  return ((int*)(&Q_WS_QWS))[argc];
#else
  (void)argc;
  return 0;
#endif
}

